2020-01-23 17:43:43 [2@ODBJFNPC002032]
[login] 3: glpi fez login no IP ::1
2020-01-23 18:04:05 [@ODBJFNPC002032]
[login] 3: glpi fez login no IP ::1
2020-01-23 18:04:43 [@ODBJFNPC002032]
[login] 3: glpi fez login no IP ::1
2020-01-23 18:10:38 [@ODBJFNPC002032]
[login] 3: glpi fez login no IP ::1
2020-01-23 18:13:19 [@ODBJFNPC002032]
[login] 3: glpi fez login no IP ::1
2020-01-23 18:16:17 [@ODBJFNPC002032]
[login] 3: glpi fez login no IP ::1
2020-01-23 18:22:56 [@ODBJFNPC002032]
[login] 3: glpi fez login no IP ::1
2020-01-23 18:28:02 [@ODBJFNPC002032]
[login] 3: Login falhou para glpi no IP ::1
2020-01-23 18:28:12 [@ODBJFNPC002032]
[login] 3: Login falhou para glpi no IP ::1
2020-01-23 18:28:38 [@ODBJFNPC002032]
[login] 3: Login falhou para glpi no IP ::1
2020-01-23 19:11:31 [@ODBJFNPC002032]
[login] 3: glpi fez login no IP ::1
2020-01-23 19:13:59 [@ODBJFNPC002032]
[login] 3: tech fez login no IP ::1
2020-01-23 19:14:09 [@ODBJFNPC002032]
[login] 3: normal fez login no IP ::1
2020-01-23 19:14:41 [@ODBJFNPC002032]
[login] 3: glpi fez login no IP ::1
2020-01-23 19:16:06 [@ODBJFNPC002032]
[login] 3: tech fez login no IP ::1
2020-01-23 19:18:06 [@ODBJFNPC002032]
[login] 3: glpi fez login no IP ::1
2020-01-23 20:12:06 [@ODBJFNPC002032]
[login] 3: glpi fez login no IP ::1
2020-01-23 20:51:26 [@ODBJFNPC002032]
[login] 3: glpi fez login no IP ::1
2020-01-24 11:38:48 [@ODBJFPC002032]
[login] 3: tech fez login no IP ::1
2020-01-24 11:48:53 [@ODBJFPC002032]
[login] 3: glpi fez login no IP ::1
2020-01-24 12:06:20 [@ODBJFPC002032]
[login] 3: normal fez login no IP ::1
2020-01-27 15:32:55 [@ODBJFPC002032]
[login] 3: glpi fez login no IP ::1
2020-01-28 12:02:09 [@ODBJFPC002032]
[login] 3: glpi fez login no IP ::1
2020-01-28 12:53:03 [@ODBJFPC002032]
[login] 3: Login falhou para glpi no IP ::1
2020-01-28 12:53:13 [@ODBJFPC002032]
[login] 3: glpi fez login no IP ::1
2020-01-28 12:57:37 [@ODBJFPC002032]
[login] 3: tech fez login no IP ::1
2020-01-28 13:02:48 [@ODBJFPC002032]
[login] 3: tech fez login no IP ::1
2020-01-28 13:03:34 [@ODBJFPC002032]
[login] 3: glpi fez login no IP ::1
2020-01-28 13:04:08 [@ODBJFPC002032]
[login] 3: glpi fez login no IP ::1
2020-01-28 14:04:46 [@ODBJFPC002032]
[login] 3: Login falhou para glpi no IP ::1
2020-01-28 14:04:57 [@ODBJFPC002032]
[login] 3: Login falhou para glpi no IP ::1
2020-01-28 14:10:16 [@ODBJFPC002032]
[login] 3: Login falhou para glpi no IP ::1
2020-01-28 14:11:05 [@ODBJFPC002032]
[login] 3: Login falhou para glpi no IP ::1
2020-01-28 14:11:19 [@ODBJFPC002032]
[login] 3: Login falhou para tech no IP ::1
2020-01-28 14:12:02 [@ODBJFPC002032]
[login] 3: Login falhou para glpig no IP ::1
2020-01-28 14:12:33 [@ODBJFPC002032]
[login] 3: Login falhou para glpi no IP ::1
2020-01-28 14:13:13 [@ODBJFPC002032]
[login] 3: Login falhou para glpi no IP ::1
2020-01-28 14:13:36 [@ODBJFPC002032]
[login] 3: Login falhou para kadvkkv no IP ::1
2020-01-28 14:13:59 [@ODBJFPC002032]
[login] 3: Login falhou para afsdhy no IP ::1
2020-01-28 14:14:22 [@ODBJFPC002032]
[login] 3: Login falhou para f\ no IP ::1
2020-01-28 14:14:34 [@ODBJFPC002032]
[login] 3: Login falhou para argag no IP ::1
2020-01-28 14:16:45 [@ODBJFPC002032]
[login] 3: Login falhou para \nvnvdnd no IP ::1
2020-01-28 14:17:49 [@ODBJFPC002032]
[login] 3: Login falhou para eahsfhfd no IP ::1
2020-01-28 14:18:11 [@ODBJFPC002032]
[login] 3: Login falhou para hetaehthega no IP ::1
2020-01-28 14:21:48 [@ODBJFPC002032]
[login] 3: glpi fez login no IP ::1
2020-01-28 14:29:07 [@ODBJFPC002032]
[login] 3: Login falhou para glpi no IP ::1
2020-01-28 14:29:20 [@ODBJFPC002032]
[login] 3: glpi fez login no IP ::1
2020-01-28 14:39:36 [@ODBJFPC002032]
[login] 3: Login falhou para shtdghsth no IP ::1
2020-01-28 14:50:38 [@ODBJFPC002032]
[login] 3: Login falhou para glpi no IP ::1
2020-01-28 14:51:19 [@ODBJFPC002032]
[login] 3: Login falhou para wwhfwfh no IP ::1
2020-01-28 14:51:58 [@ODBJFPC002032]
[login] 3: Login falhou para erya no IP ::1
2020-01-28 14:52:18 [@ODBJFPC002032]
[login] 3: Login falhou para atyeayaet no IP ::1
2020-01-28 14:52:31 [@ODBJFPC002032]
[login] 3: Login falhou para tartar no IP ::1
2020-01-28 14:53:01 [@ODBJFPC002032]
[login] 3: Login falhou para gnjxfgjnxfgjn no IP ::1
2020-01-28 14:53:17 [@ODBJFPC002032]
[login] 3: Login falhou para ryrasytrsy no IP ::1
2020-01-28 14:55:47 [@ODBJFPC002032]
[login] 3: Login falhou para glpi no IP ::1
2020-01-28 14:55:54 [@ODBJFPC002032]
[login] 3: glpi fez login no IP ::1
2020-01-28 14:58:32 [@ODBJFPC002032]
[login] 3: Login falhou para sfahfsh no IP ::1
2020-01-29 13:04:01 [@ODBJFPC002032]
[login] 3: Login falhou para glpi no IP ::1
2020-01-29 13:04:11 [@ODBJFPC002032]
[login] 3: glpi fez login no IP ::1
2020-01-29 16:41:35 [@ODBJFPC002032]
[login] 3: glpi fez login no IP ::1
2020-01-31 13:35:54 [@ODBJFPC002032]
[login] 3: Login falhou para jyr no IP ::1
2020-02-04 18:30:12 [@ODBJFPC002032]
[login] 3: Login falhou para glpi no IP ::1
2020-02-04 18:30:20 [@ODBJFPC002032]
[login] 3: glpi fez login no IP ::1
2020-02-04 19:43:11 [@ODBJFPC002032]
[login] 3: glpi fez login no IP ::1
2020-02-07 13:20:04 [@ODBJFPC002032]
[login] 3: glpi fez login no IP ::1
2020-02-07 18:24:53 [@ODBJFPC002032]
[login] 3: Login falhou para glpi no IP ::1
2020-02-07 18:25:03 [@ODBJFPC002032]
[login] 3: lsantos fez login no IP ::1
